# JRE version: Java(TM) SE Runtime Environment (8.0_65-b17) (build 1.8.0_65-b17)
# Java VM: Java HotSpot(TM) 64-Bit Server VM (25.65-b01 mixed mode bsd-amd64 compressed oops)
Heap:
 PSYoungGen      total 174080K, used 21454K [0x0000000795580000, 0x00000007a0b80000, 0x00000007c0000000)
  eden space 171520K, 12% used [0x0000000795580000,0x0000000796a73a78,0x000000079fd00000)
  from space 2560K, 0% used [0x000000079ff00000,0x000000079ff00000,0x00000007a0180000)
  to   space 2048K, 0% used [0x000000079fd00000,0x000000079fd00000,0x000000079ff00000)
 ParOldGen       total 166400K, used 32419K [0x0000000740000000, 0x000000074a280000, 0x0000000795580000)
  object space 166400K, 19% used [0x0000000740000000,0x0000000741fa8d98,0x000000074a280000)
 Metaspace       used 9492K, capacity 9662K, committed 9728K, reserved 1058816K
  class space    used 1122K, capacity 1215K, committed 1280K, reserved 1048576K
GC Heap History (10 events):
Event: 4.056 GC heap before
{Heap before GC invocations=8 (full 2):
 PSYoungGen      total 70144K, used 65024K [0x0000000795580000, 0x000000079d680000, 0x00000007c0000000)
  eden space 65024K, 100% used [0x0000000795580000,0x0000000799500000,0x0000000799500000)
  from space 5120K, 0% used [0x0000000799500000,0x0000000799500000,0x0000000799a00000)
  to   space 2560K, 0% used [0x000000079d400000,0x000000079d400000,0x000000079d680000)
 ParOldGen       total 114176K, used 27422K [0x0000000740000000, 0x0000000746f80000, 0x0000000795580000)
  object space 114176K, 24% used [0x0000000740000000,0x0000000741ac78d0,0x0000000746f80000)
 Metaspace       used 7691K, capacity 7826K, committed 7936K, reserved 1056768K
  class space    used 921K, capacity 989K, committed 1024K, reserved 1048576K
Event: 4.063 GC heap after
Heap after GC invocations=8 (full 2):
 PSYoungGen      total 115712K, used 96K [0x0000000795580000, 0x000000079d480000, 0x00000007c0000000)
  eden space 115200K, 0% used [0x0000000795580000,0x0000000795580000,0x000000079c600000)
  from space 512K, 18% used [0x000000079d400000,0x000000079d418000,0x000000079d480000)
  to   space 2560K, 0% used [0x000000079cf80000,0x000000079cf80000,0x000000079d200000)
 ParOldGen       total 114176K, used 72739K [0x0000000740000000, 0x0000000746f80000, 0x0000000795580000)
  object space 114176K, 63% used [0x0000000740000000,0x0000000744708d10,0x0000000746f80000)
 Metaspace       used 7691K, capacity 7826K, committed 7936K, reserved 1056768K
  class space    used 921K, capacity 989K, committed 1024K, reserved 1048576K
}
Event: 4.063 GC heap before
{Heap before GC invocations=9 (full 3):
 PSYoungGen      total 115712K, used 96K [0x0000000795580000, 0x000000079d480000, 0x00000007c0000000)
  eden space 115200K, 0% used [0x0000000795580000,0x0000000795580000,0x000000079c600000)
  from space 512K, 18% used [0x000000079d400000,0x000000079d418000,0x000000079d480000)
  to   space 2560K, 0% used [0x000000079cf80000,0x000000079cf80000,0x000000079d200000)
 ParOldGen       total 114176K, used 72739K [0x0000000740000000, 0x0000000746f80000, 0x0000000795580000)
  object space 114176K, 63% used [0x0000000740000000,0x0000000744708d10,0x0000000746f80000)
 Metaspace       used 7691K, capacity 7826K, committed 7936K, reserved 1056768K
  class space    used 921K, capacity 989K, committed 1024K, reserved 1048576K
Event: 4.078 GC heap after
Heap after GC invocations=9 (full 3):
 PSYoungGen      total 115712K, used 0K [0x0000000795580000, 0x000000079d480000, 0x00000007c0000000)
  eden space 115200K, 0% used [0x0000000795580000,0x0000000795580000,0x000000079c600000)
  from space 512K, 0% used [0x000000079d400000,0x000000079d400000,0x000000079d480000)
  to   space 2560K, 0% used [0x000000079cf80000,0x000000079cf80000,0x000000079d200000)
 ParOldGen       total 149504K, used 42526K [0x0000000740000000, 0x0000000749200000, 0x0000000795580000)
  object space 149504K, 28% used [0x0000000740000000,0x0000000742987a58,0x0000000749200000)
 Metaspace       used 7691K, capacity 7826K, committed 7936K, reserved 1056768K
  class space    used 921K, capacity 989K, committed 1024K, reserved 1048576K
}
Event: 4.326 GC heap before
{Heap before GC invocations=10 (full 3):
 PSYoungGen      total 115712K, used 115200K [0x0000000795580000, 0x000000079d480000, 0x00000007c0000000)
  eden space 115200K, 100% used [0x0000000795580000,0x000000079c600000,0x000000079c600000)
  from space 512K, 0% used [0x000000079d400000,0x000000079d400000,0x000000079d480000)
  to   space 2560K, 0% used [0x000000079cf80000,0x000000079cf80000,0x000000079d200000)
 ParOldGen       total 149504K, used 42526K [0x0000000740000000, 0x0000000749200000, 0x0000000795580000)
  object space 149504K, 28% used [0x0000000740000000,0x0000000742987a58,0x0000000749200000)
 Metaspace       used 7691K, capacity 7826K, committed 7936K, reserved 1056768K
  class space    used 921K, capacity 989K, committed 1024K, reserved 1048576K
Event: 4.326 GC heap after
Heap after GC invocations=10 (full 3):
 PSYoungGen      total 127488K, used 0K [0x0000000795580000, 0x00000007a0180000, 0x00000007c0000000)
  eden space 124928K, 0% used [0x0000000795580000,0x0000000795580000,0x000000079cf80000)
  from space 2560K, 0% used [0x000000079cf80000,0x000000079cf80000,0x000000079d200000)
  to   space 2560K, 0% used [0x000000079ff00000,0x000000079ff00000,0x00000007a0180000)
 ParOldGen       total 149504K, used 42526K [0x0000000740000000, 0x0000000749200000, 0x0000000795580000)
  object space 149504K, 28% used [0x0000000740000000,0x0000000742987a58,0x0000000749200000)
 Metaspace       used 7691K, capacity 7826K, committed 7936K, reserved 1056768K
  class space    used 921K, capacity 989K, committed 1024K, reserved 1048576K
}
Event: 5.409 GC heap before
{Heap before GC invocations=11 (full 3):
 PSYoungGen      total 127488K, used 123216K [0x0000000795580000, 0x00000007a0180000, 0x00000007c0000000)
  eden space 124928K, 98% used [0x0000000795580000,0x000000079cdd41b0,0x000000079cf80000)
  from space 2560K, 0% used [0x000000079cf80000,0x000000079cf80000,0x000000079d200000)
  to   space 2560K, 0% used [0x000000079ff00000,0x000000079ff00000,0x00000007a0180000)
 ParOldGen       total 149504K, used 42526K [0x0000000740000000, 0x0000000749200000, 0x0000000795580000)
  object space 149504K, 28% used [0x0000000740000000,0x0000000742987a58,0x0000000749200000)
 Metaspace       used 9467K, capacity 9656K, committed 9728K, reserved 1058816K
  class space    used 1120K, capacity 1214K, committed 1280K, reserved 1048576K
Event: 5.437 GC heap after
Heap after GC invocations=11 (full 3):
 PSYoungGen      total 174080K, used 696K [0x0000000795580000, 0x00000007a0b80000, 0x00000007c0000000)
  eden space 171520K, 0% used [0x0000000795580000,0x0000000795580000,0x000000079fd00000)
  from space 2560K, 27% used [0x000000079ff00000,0x000000079ffae070,0x00000007a0180000)
  to   space 2048K, 0% used [0x000000079fd00000,0x000000079fd00000,0x000000079ff00000)
 ParOldGen       total 149504K, used 107372K [0x0000000740000000, 0x0000000749200000, 0x0000000795580000)
  object space 149504K, 71% used [0x0000000740000000,0x00000007468db3e0,0x0000000749200000)
 Metaspace       used 9467K, capacity 9656K, committed 9728K, reserved 1058816K
  class space    used 1120K, capacity 1214K, committed 1280K, reserved 1048576K
}
Event: 5.437 GC heap before
{Heap before GC invocations=12 (full 4):
 PSYoungGen      total 174080K, used 696K [0x0000000795580000, 0x00000007a0b80000, 0x00000007c0000000)
  eden space 171520K, 0% used [0x0000000795580000,0x0000000795580000,0x000000079fd00000)
  from space 2560K, 27% used [0x000000079ff00000,0x000000079ffae070,0x00000007a0180000)
  to   space 2048K, 0% used [0x000000079fd00000,0x000000079fd00000,0x000000079ff00000)
 ParOldGen       total 149504K, used 107372K [0x0000000740000000, 0x0000000749200000, 0x0000000795580000)
  object space 149504K, 71% used [0x0000000740000000,0x00000007468db3e0,0x0000000749200000)
 Metaspace       used 9467K, capacity 9656K, committed 9728K, reserved 1058816K
  class space    used 1120K, capacity 1214K, committed 1280K, reserved 1048576K
Event: 5.457 GC heap after
Heap after GC invocations=12 (full 4):
 PSYoungGen      total 174080K, used 0K [0x0000000795580000, 0x00000007a0b80000, 0x00000007c0000000)
  eden space 171520K, 0% used [0x0000000795580000,0x0000000795580000,0x000000079fd00000)
  from space 2560K, 0% used [0x000000079ff00000,0x000000079ff00000,0x00000007a0180000)
  to   space 2048K, 0% used [0x000000079fd00000,0x000000079fd00000,0x000000079ff00000)
 ParOldGen       total 166400K, used 32419K [0x0000000740000000, 0x000000074a280000, 0x0000000795580000)
  object space 166400K, 19% used [0x0000000740000000,0x0000000741fa8d98,0x000000074a280000)
 Metaspace       used 9467K, capacity 9656K, committed 9728K, reserved 1058816K
  class space    used 1120K, capacity 1214K, committed 1280K, reserved 1048576K
}

