# JRE version: Java(TM) SE Runtime Environment (8.0_65-b17) (build 1.8.0_65-b17)
# Java VM: Java HotSpot(TM) 64-Bit Server VM (25.65-b01 mixed mode bsd-amd64 compressed oops)
Heap:
 PSYoungGen      total 187904K, used 80535K [0x0000000795580000, 0x00000007a1d80000, 0x00000007c0000000)
  eden space 187392K, 42% used [0x0000000795580000,0x000000079a4084b8,0x00000007a0c80000)
  from space 512K, 23% used [0x00000007a1d00000,0x00000007a1d1db40,0x00000007a1d80000)
  to   space 2560K, 0% used [0x00000007a1880000,0x00000007a1880000,0x00000007a1b00000)
 ParOldGen       total 159744K, used 42534K [0x0000000740000000, 0x0000000749c00000, 0x0000000795580000)
  object space 159744K, 26% used [0x0000000740000000,0x0000000742989ba0,0x0000000749c00000)
 Metaspace       used 9509K, capacity 9726K, committed 9984K, reserved 1058816K
  class space    used 1122K, capacity 1215K, committed 1280K, reserved 1048576K
GC Heap History (10 events):
Event: 1.244 GC heap before
{Heap before GC invocations=5 (full 1):
 PSYoungGen      total 71680K, used 54159K [0x0000000795580000, 0x000000079d680000, 0x00000007c0000000)
  eden space 66560K, 81% used [0x0000000795580000,0x0000000798a63e58,0x0000000799680000)
  from space 5120K, 0% used [0x0000000799680000,0x0000000799680000,0x0000000799b80000)
  to   space 5120K, 0% used [0x000000079d180000,0x000000079d180000,0x000000079d680000)
 ParOldGen       total 113152K, used 27337K [0x0000000740000000, 0x0000000746e80000, 0x0000000795580000)
  object space 113152K, 24% used [0x0000000740000000,0x0000000741ab2778,0x0000000746e80000)
 Metaspace       used 7685K, capacity 7826K, committed 7936K, reserved 1056768K
  class space    used 921K, capacity 989K, committed 1024K, reserved 1048576K
Event: 1.251 GC heap after
Heap after GC invocations=5 (full 1):
 PSYoungGen      total 125952K, used 192K [0x0000000795580000, 0x000000079d600000, 0x00000007c0000000)
  eden space 121344K, 0% used [0x0000000795580000,0x0000000795580000,0x000000079cc00000)
  from space 4608K, 4% used [0x000000079d180000,0x000000079d1b0000,0x000000079d600000)
  to   space 5120K, 0% used [0x000000079cc00000,0x000000079cc00000,0x000000079d100000)
 ParOldGen       total 113152K, used 72654K [0x0000000740000000, 0x0000000746e80000, 0x0000000795580000)
  object space 113152K, 64% used [0x0000000740000000,0x00000007446f3bb8,0x0000000746e80000)
 Metaspace       used 7685K, capacity 7826K, committed 7936K, reserved 1056768K
  class space    used 921K, capacity 989K, committed 1024K, reserved 1048576K
}
Event: 1.251 GC heap before
{Heap before GC invocations=6 (full 2):
 PSYoungGen      total 125952K, used 192K [0x0000000795580000, 0x000000079d600000, 0x00000007c0000000)
  eden space 121344K, 0% used [0x0000000795580000,0x0000000795580000,0x000000079cc00000)
  from space 4608K, 4% used [0x000000079d180000,0x000000079d1b0000,0x000000079d600000)
  to   space 5120K, 0% used [0x000000079cc00000,0x000000079cc00000,0x000000079d100000)
 ParOldGen       total 113152K, used 72654K [0x0000000740000000, 0x0000000746e80000, 0x0000000795580000)
  object space 113152K, 64% used [0x0000000740000000,0x00000007446f3bb8,0x0000000746e80000)
 Metaspace       used 7685K, capacity 7826K, committed 7936K, reserved 1056768K
  class space    used 921K, capacity 989K, committed 1024K, reserved 1048576K
Event: 1.264 GC heap after
Heap after GC invocations=6 (full 2):
 PSYoungGen      total 125952K, used 0K [0x0000000795580000, 0x000000079d600000, 0x00000007c0000000)
  eden space 121344K, 0% used [0x0000000795580000,0x0000000795580000,0x000000079cc00000)
  from space 4608K, 0% used [0x000000079d180000,0x000000079d180000,0x000000079d600000)
  to   space 5120K, 0% used [0x000000079cc00000,0x000000079cc00000,0x000000079d100000)
 ParOldGen       total 124928K, used 27422K [0x0000000740000000, 0x0000000747a00000, 0x0000000795580000)
  object space 124928K, 21% used [0x0000000740000000,0x0000000741ac7a40,0x0000000747a00000)
 Metaspace       used 7685K, capacity 7826K, committed 7936K, reserved 1056768K
  class space    used 921K, capacity 989K, committed 1024K, reserved 1048576K
}
Event: 1.481 GC heap before
{Heap before GC invocations=7 (full 2):
 PSYoungGen      total 125952K, used 121344K [0x0000000795580000, 0x000000079d600000, 0x00000007c0000000)
  eden space 121344K, 100% used [0x0000000795580000,0x000000079cc00000,0x000000079cc00000)
  from space 4608K, 0% used [0x000000079d180000,0x000000079d180000,0x000000079d600000)
  to   space 5120K, 0% used [0x000000079cc00000,0x000000079cc00000,0x000000079d100000)
 ParOldGen       total 124928K, used 27422K [0x0000000740000000, 0x0000000747a00000, 0x0000000795580000)
  object space 124928K, 21% used [0x0000000740000000,0x0000000741ac7a40,0x0000000747a00000)
 Metaspace       used 7695K, capacity 7826K, committed 7936K, reserved 1056768K
  class space    used 921K, capacity 989K, committed 1024K, reserved 1048576K
Event: 1.489 GC heap after
Heap after GC invocations=7 (full 2):
 PSYoungGen      total 126464K, used 64K [0x0000000795580000, 0x00000007a1f80000, 0x00000007c0000000)
  eden space 121344K, 0% used [0x0000000795580000,0x0000000795580000,0x000000079cc00000)
  from space 5120K, 1% used [0x000000079cc00000,0x000000079cc10000,0x000000079d100000)
  to   space 2560K, 0% used [0x00000007a1d00000,0x00000007a1d00000,0x00000007a1f80000)
 ParOldGen       total 124928K, used 72739K [0x0000000740000000, 0x0000000747a00000, 0x0000000795580000)
  object space 124928K, 58% used [0x0000000740000000,0x0000000744708e80,0x0000000747a00000)
 Metaspace       used 7695K, capacity 7826K, committed 7936K, reserved 1056768K
  class space    used 921K, capacity 989K, committed 1024K, reserved 1048576K
}
Event: 1.489 GC heap before
{Heap before GC invocations=8 (full 3):
 PSYoungGen      total 126464K, used 64K [0x0000000795580000, 0x00000007a1f80000, 0x00000007c0000000)
  eden space 121344K, 0% used [0x0000000795580000,0x0000000795580000,0x000000079cc00000)
  from space 5120K, 1% used [0x000000079cc00000,0x000000079cc10000,0x000000079d100000)
  to   space 2560K, 0% used [0x00000007a1d00000,0x00000007a1d00000,0x00000007a1f80000)
 ParOldGen       total 124928K, used 72739K [0x0000000740000000, 0x0000000747a00000, 0x0000000795580000)
  object space 124928K, 58% used [0x0000000740000000,0x0000000744708e80,0x0000000747a00000)
 Metaspace       used 7695K, capacity 7826K, committed 7936K, reserved 1056768K
  class space    used 921K, capacity 989K, committed 1024K, reserved 1048576K
Event: 1.504 GC heap after
Heap after GC invocations=8 (full 3):
 PSYoungGen      total 126464K, used 0K [0x0000000795580000, 0x00000007a1f80000, 0x00000007c0000000)
  eden space 121344K, 0% used [0x0000000795580000,0x0000000795580000,0x000000079cc00000)
  from space 5120K, 0% used [0x000000079cc00000,0x000000079cc00000,0x000000079d100000)
  to   space 2560K, 0% used [0x00000007a1d00000,0x00000007a1d00000,0x00000007a1f80000)
 ParOldGen       total 159744K, used 42526K [0x0000000740000000, 0x0000000749c00000, 0x0000000795580000)
  object space 159744K, 26% used [0x0000000740000000,0x0000000742987ba0,0x0000000749c00000)
 Metaspace       used 7695K, capacity 7826K, committed 7936K, reserved 1056768K
  class space    used 921K, capacity 989K, committed 1024K, reserved 1048576K
}
Event: 1.873 GC heap before
{Heap before GC invocations=9 (full 3):
 PSYoungGen      total 126464K, used 121344K [0x0000000795580000, 0x00000007a1f80000, 0x00000007c0000000)
  eden space 121344K, 100% used [0x0000000795580000,0x000000079cc00000,0x000000079cc00000)
  from space 5120K, 0% used [0x000000079cc00000,0x000000079cc00000,0x000000079d100000)
  to   space 2560K, 0% used [0x00000007a1d00000,0x00000007a1d00000,0x00000007a1f80000)
 ParOldGen       total 159744K, used 42526K [0x0000000740000000, 0x0000000749c00000, 0x0000000795580000)
  object space 159744K, 26% used [0x0000000740000000,0x0000000742987ba0,0x0000000749c00000)
 Metaspace       used 7776K, capacity 7890K, committed 7936K, reserved 1056768K
  class space    used 930K, capacity 989K, committed 1024K, reserved 1048576K
Event: 1.886 GC heap after
Heap after GC invocations=9 (full 3):
 PSYoungGen      total 187904K, used 118K [0x0000000795580000, 0x00000007a1d80000, 0x00000007c0000000)
  eden space 187392K, 0% used [0x0000000795580000,0x0000000795580000,0x00000007a0c80000)
  from space 512K, 23% used [0x00000007a1d00000,0x00000007a1d1db40,0x00000007a1d80000)
  to   space 2560K, 0% used [0x00000007a1880000,0x00000007a1880000,0x00000007a1b00000)
 ParOldGen       total 159744K, used 42534K [0x0000000740000000, 0x0000000749c00000, 0x0000000795580000)
  object space 159744K, 26% used [0x0000000740000000,0x0000000742989ba0,0x0000000749c00000)
 Metaspace       used 7776K, capacity 7890K, committed 7936K, reserved 1056768K
  class space    used 930K, capacity 989K, committed 1024K, reserved 1048576K
}

